\BOOKMARK [1][-]{section.1}{\376\377\000P\000r\000o\000j\000e\000c\000t\000\040\000O\000b\000j\000e\000c\000t\000i\000v\000e}{}% 1
\BOOKMARK [1][-]{section.2}{\376\377\000D\000i\000f\000f\000u\000s\000i\000o\000n\000\040\000G\000u\000i\000d\000a\000n\000c\000e\000\040\000F\000o\000r\000m\000u\000l\000a\000t\000i\000o\000n}{}% 2
\BOOKMARK [1][-]{section.3}{\376\377\000M\000o\000t\000i\000o\000n\000\040\000P\000r\000i\000m\000i\000t\000i\000v\000e\000\040\000P\000a\000r\000a\000m\000e\000t\000e\000r\000i\000z\000a\000t\000i\000o\000n}{}% 3
\BOOKMARK [1][-]{section.4}{\376\377\000S\000e\000l\000e\000c\000t\000i\000v\000e\000\040\000R\000e\000f\000i\000n\000e\000m\000e\000n\000t}{}% 4
\BOOKMARK [1][-]{section.5}{\376\377\000H\000a\000r\000d\000\040\000W\000a\000r\000p\000\040\000I\000n\000i\000t\000i\000a\000l\000i\000z\000a\000t\000i\000o\000n}{}% 5
\BOOKMARK [1][-]{section.6}{\376\377\000T\000r\000a\000n\000s\000l\000a\000t\000i\000o\000n\000\040\000C\000o\000m\000p\000o\000s\000i\000t\000e\000\040\000a\000n\000d\000\040\000R\000e\000s\000t\000o\000r\000a\000t\000i\000o\000n}{}% 6
\BOOKMARK [1][-]{section.7}{\376\377\000C\000o\000d\000e\000\040\000A\000r\000t\000i\000f\000a\000c\000t\000s}{}% 7
\BOOKMARK [1][-]{section.8}{\376\377\000W\000e\000e\000k\000-\000b\000y\000-\000W\000e\000e\000k\000\040\000W\000o\000r\000k}{}% 8
\BOOKMARK [1][-]{section.9}{\376\377\000E\000x\000p\000e\000r\000i\000m\000e\000n\000t\000a\000l\000\040\000C\000o\000n\000f\000i\000g\000u\000r\000a\000t\000i\000o\000n\000s}{}% 9
\BOOKMARK [1][-]{section.10}{\376\377\000R\000e\000s\000u\000l\000t\000\040\000I\000m\000a\000g\000e\000s}{}% 10
\BOOKMARK [2][-]{subsection.10.1}{\376\377\000A\000p\000p\000l\000e\000:\000\040\000B\000a\000s\000e\000l\000i\000n\000e\000\040\000t\000o\000\040\000P\000r\000a\000c\000t\000i\000c\000a\000l\000\040\000F\000i\000n\000a\000l\000\040\000R\000e\000s\000u\000l\000t}{section.10}% 11
\BOOKMARK [2][-]{subsection.10.2}{\376\377\000A\000p\000p\000l\000e\000\040\000a\000n\000d\000\040\000T\000e\000a\000p\000o\000t\000\040\000A\000f\000t\000e\000r\000\040\000L\000a\000M\000a\000\040\000/\000\040\000S\000h\000a\000r\000p\000\040\000C\000o\000m\000p\000o\000s\000i\000t\000e}{section.10}% 12
\BOOKMARK [2][-]{subsection.10.3}{\376\377\000A\000d\000d\000i\000t\000i\000o\000n\000a\000l\000\040\000P\000r\000i\000m\000i\000t\000i\000v\000e\000\040\000E\000x\000a\000m\000p\000l\000e\000s}{section.10}% 13
\BOOKMARK [2][-]{subsection.10.4}{\376\377\000W\000o\000m\000a\000n\000\040\000H\000a\000i\000r\000:\000\040\000F\000a\000i\000l\000u\000r\000e\000\040\000a\000n\000d\000\040\000S\000t\000a\000b\000i\000l\000i\000z\000e\000d\000\040\000O\000u\000t\000p\000u\000t}{section.10}% 14
\BOOKMARK [2][-]{subsection.10.5}{\376\377\000T\000o\000p\000i\000a\000r\000y\000:\000\040\000F\000a\000i\000l\000u\000r\000e\000\040\000a\000n\000d\000\040\000S\000t\000a\000b\000i\000l\000i\000z\000e\000d\000\040\000O\000u\000t\000p\000u\000t}{section.10}% 15
\BOOKMARK [1][-]{section.11}{\376\377\000F\000r\000o\000n\000t\000e\000n\000d\000\040\000a\000n\000d\000\040\000B\000a\000c\000k\000e\000n\000d\000\040\000A\000d\000d\000i\000t\000i\000o\000n\000s}{}% 16
\BOOKMARK [2][-]{subsection.11.1}{\376\377\000B\000a\000c\000k\000e\000n\000d\000\040\000A\000P\000I}{section.11}% 17
\BOOKMARK [2][-]{subsection.11.2}{\376\377\000F\000r\000o\000n\000t\000e\000n\000d}{section.11}% 18
\BOOKMARK [1][-]{section.12}{\376\377\000S\000e\000r\000v\000e\000r\000-\000S\000i\000d\000e\000\040\000G\000u\000a\000r\000d\000s}{}% 19
\BOOKMARK [2][-]{subsection.12.1}{\376\377\000W\000o\000m\000a\000n\000\040\000G\000u\000a\000r\000d}{section.12}% 20
\BOOKMARK [2][-]{subsection.12.2}{\376\377\000T\000o\000p\000i\000a\000r\000y\000\040\000G\000u\000a\000r\000d}{section.12}% 21
\BOOKMARK [1][-]{section.13}{\376\377\000E\000v\000a\000l\000u\000a\000t\000i\000o\000n\000\040\000C\000r\000i\000t\000e\000r\000i\000a}{}% 22
\BOOKMARK [1][-]{section.14}{\376\377\000F\000i\000n\000a\000l\000\040\000S\000t\000a\000t\000u\000s}{}% 23
\BOOKMARK [1][-]{section.15}{\376\377\000V\000a\000l\000i\000d\000a\000t\000i\000o\000n}{}% 24
\BOOKMARK [1][-]{section.16}{\376\377\000C\000o\000n\000c\000l\000u\000s\000i\000o\000n}{}% 25
